<?xml version="1.0" encoding="UTF-8"?>
<testsuite name="ParcelsTest" tests="3" skipped="0" failures="0" errors="0" timestamp="2015-08-18T18:32:27" hostname="epicodus-113.local" time="0.001">
  <properties/>
  <testcase name="newParcels_instantiatesCorrectly" classname="ParcelsTest" time="0.0"/>
  <testcase name="getVolume_returnsCorrectVolume" classname="ParcelsTest" time="0.0"/>
  <testcase name="getShippingCost_returnsCorrectCost" classname="ParcelsTest" time="0.0"/>
  <system-out><![CDATA[]]></system-out>
  <system-err><![CDATA[]]></system-err>
</testsuite>
